Start testing: Jul 14 20:10 EDT
----------------------------------------------------------
1/1 Testing: SoundEngineTest
1/1 Test: SoundEngineTest
Command: "/Users/tarcangul/projects/simple-sequencer/build/SoundEngineTest"
Directory: /Users/tarcangul/projects/simple-sequencer/build
"SoundEngineTest" start time: Jul 14 20:10 EDT
Output:
----------------------------------------------------------
JUCE v7.0.12
Running 1 test case...
******** errors disabling the alternate stack:
	#error:22
	Invalid argument
unknown location:0: [4;31;49mfatal error: in "playAllTest": memory access violation at address: 0x0: invalid permissions[0;39;49m
/Users/tarcangul/projects/simple-sequencer/test/engine/SoundEngineTest.cpp:8: [1;36;49mlast checkpoint: "playAllTest" test entry[0;39;49m

[1;31;49m*** 1 failure is detected in the test module "SoundEngineTest"
[0;39;49m*** Leaked objects detected: 1 instance(s) of class AudioFormatManager
JUCE Assertion failure in juce_LeakedObjectDetector.h:92
*** Leaked objects detected: 1 instance(s) of class OwnedArray
JUCE Assertion failure in juce_LeakedObjectDetector.h:92
<end of output>
Test time =   0.68 sec
----------------------------------------------------------
Test Failed.
"SoundEngineTest" end time: Jul 14 20:10 EDT
"SoundEngineTest" time elapsed: 00:00:00
----------------------------------------------------------

End testing: Jul 14 20:10 EDT
