Start testing: Jul 07 16:44 EDT
----------------------------------------------------------
1/1 Testing: SoundEngineTest
1/1 Test: SoundEngineTest
Command: "/Users/tarcangul/projects/simple-sequencer/build/SoundEngineTest"
Directory: /Users/tarcangul/projects/simple-sequencer/build
"SoundEngineTest" start time: Jul 07 16:44 EDT
Output:
----------------------------------------------------------
JUCE v7.0.12
Running 1 test case...

[1;32;49m*** No errors detected
[0;39;49m
<end of output>
Test time =   0.70 sec
----------------------------------------------------------
Test Passed.
"SoundEngineTest" end time: Jul 07 16:44 EDT
"SoundEngineTest" time elapsed: 00:00:00
----------------------------------------------------------

End testing: Jul 07 16:44 EDT
