<?xml version="1.0" encoding="UTF-8"?>
<Site BuildName="Darwin-c++"
	BuildStamp="20240715-0010-Experimental"
	Name="Tarcans-MacBook-Pro.local"
	Generator="ctest-3.29.3"
	CompilerName="/Library/Developer/CommandLineTools/usr/bin/c++"
	CompilerVersion="14.0.3.14030022"
	OSName="macOS"
	Hostname="Tarcans-MacBook-Pro.local"
	OSRelease="13.3.1"
	OSVersion="22E261"
	OSPlatform="arm64"
	Is64Bits="1"
	VendorString="IBM"
	VendorID="IBM"
	FamilyID="16777228"
	ModelID="2"
	ProcessorCacheSize="131072"
	NumberOfLogicalCPU="12"
	NumberOfPhysicalCPU="12"
	TotalVirtualMemory="0"
	TotalPhysicalMemory="16384"
	LogicalProcessorsPerPhysical="12"
	ProcessorClockFrequency="0"
	>
	<Testing>
		<StartDateTime>Jul 14 20:10 EDT</StartDateTime>
		<StartTestTime>1721002210</StartTestTime>
		<TestList>
			<Test>./SoundEngineTest</Test>
		</TestList>
		<Test Status="failed">
			<Name>SoundEngineTest</Name>
			<Path>.</Path>
			<FullName>./SoundEngineTest</FullName>
			<FullCommandLine>/Users/tarcangul/projects/simple-sequencer/build/SoundEngineTest</FullCommandLine>
			<Results>
				<NamedMeasurement type="text/string" name="Exit Code">
					<Value>Failed</Value>
				</NamedMeasurement>
				<NamedMeasurement type="text/string" name="Exit Value">
					<Value>201</Value>
				</NamedMeasurement>
				<NamedMeasurement type="numeric/double" name="Execution Time">
					<Value>0.68354</Value>
				</NamedMeasurement>
				<NamedMeasurement type="numeric/double" name="Processors">
					<Value>1</Value>
				</NamedMeasurement>
				<NamedMeasurement type="text/string" name="Completion Status">
					<Value>Completed</Value>
				</NamedMeasurement>
				<NamedMeasurement type="text/string" name="Command Line">
					<Value>/Users/tarcangul/projects/simple-sequencer/build/SoundEngineTest</Value>
				</NamedMeasurement>
				<NamedMeasurement type="text/string" name="Environment">
					<Value>#CTEST_RESOURCE_GROUP_COUNT=</Value>
				</NamedMeasurement>
				<Measurement>
					<Value encoding="base64" compression="gzip">eJydkk1vEzEQhs/1X+hlFC6AxO4mqYA4pwiKRAWqBPTUA5p6Jxs33vEytlPy77EdVD6O3dNqNfO+jx/v1c27Szi8abpmvlBfErPlAeYQKUQwGKhpGvXy9wMk4iVAbwPeuTIYdwToIgljJAgRzV6rs2d1Ti8W6uwjH9DZHlCGNBJHlXjP/oHBeYPRetadhvPbi/Vyvr5YjVuM6E41GizDbHJ43Dj3LePMNIw0ejkCGkMhwMF6VzMAI2DfS/6oofvZldVT7UQy2hDyTDi/7dbLVSlR7U0gCW1EMchDcu0k/p5MDG2w4+ToVaAfidiQtMVDSzxYpvarT9xf1vfC05hp0m8L/Xy9fF2CHRZpOzL7yVuO+l/8k9PsQI5/sai6Xg9fDM9hi9YlIbDZM8VMRX0xUUzXgNH3yRHM/qOZqT+hJegT4T5v+rt6sMconRss54vKp3seXoDfgsnYATapt/6DlxHjZ2QcSNRV+TU2Ibuqkh/BGO6Toe+nhuta8L7Ge2l2erVQT+m/fmDqNyJ4fHrvL8zH8p0=</Value>
				</Measurement>
			</Results>
		</Test>
		<EndDateTime>Jul 14 20:10 EDT</EndDateTime>
		<EndTestTime>1721002210</EndTestTime>
		<ElapsedMinutes>0</ElapsedMinutes>
	</Testing>
</Site>
