<?xml version="1.0" encoding="UTF-8"?>
<Site BuildName="Darwin-c++"
	BuildStamp="20240707-1631-Experimental"
	Name="Tarcans-MacBook-Pro.local"
	Generator="ctest-3.29.3"
	CompilerName="/Library/Developer/CommandLineTools/usr/bin/c++"
	CompilerVersion="14.0.3.14030022"
	OSName="macOS"
	Hostname="Tarcans-MacBook-Pro.local"
	OSRelease="13.3.1"
	OSVersion="22E261"
	OSPlatform="arm64"
	Is64Bits="1"
	VendorString="IBM"
	VendorID="IBM"
	FamilyID="16777228"
	ModelID="2"
	ProcessorCacheSize="131072"
	NumberOfLogicalCPU="12"
	NumberOfPhysicalCPU="12"
	TotalVirtualMemory="0"
	TotalPhysicalMemory="16384"
	LogicalProcessorsPerPhysical="12"
	ProcessorClockFrequency="0"
	>
	<Testing>
		<StartDateTime>Jul 07 16:44 EDT</StartDateTime>
		<StartTestTime>1720385055</StartTestTime>
		<TestList>
			<Test>./SoundEngineTest</Test>
		</TestList>
		<Test Status="passed">
			<Name>SoundEngineTest</Name>
			<Path>.</Path>
			<FullName>./SoundEngineTest</FullName>
			<FullCommandLine>/Users/tarcangul/projects/simple-sequencer/build/SoundEngineTest</FullCommandLine>
			<Results>
				<NamedMeasurement type="numeric/double" name="Execution Time">
					<Value>0.70094</Value>
				</NamedMeasurement>
				<NamedMeasurement type="numeric/double" name="Processors">
					<Value>1</Value>
				</NamedMeasurement>
				<NamedMeasurement type="text/string" name="Completion Status">
					<Value>Completed</Value>
				</NamedMeasurement>
				<NamedMeasurement type="text/string" name="Command Line">
					<Value>/Users/tarcangul/projects/simple-sequencer/build/SoundEngineTest</Value>
				</NamedMeasurement>
				<NamedMeasurement type="text/string" name="Environment">
					<Value>#CTEST_RESOURCE_GROUP_COUNT=</Value>
				</NamedMeasurement>
				<Measurement>
					<Value>JUCE v7.0.12
Running 1 test case...

[NON-XML-CHAR-0x1B][1;32;49m*** No errors detected
[NON-XML-CHAR-0x1B][0;39;49m
</Value>
				</Measurement>
			</Results>
		</Test>
		<EndDateTime>Jul 07 16:44 EDT</EndDateTime>
		<EndTestTime>1720385056</EndTestTime>
		<ElapsedMinutes>0</ElapsedMinutes>
	</Testing>
</Site>
