<?xml version="1.0" encoding="UTF-8"?>
<Site BuildName="Darwin-c++"
	BuildStamp="20240711-0057-Experimental"
	Name="Tarcans-MacBook-Pro.local"
	Generator="ctest-3.29.3"
	CompilerName="/Library/Developer/CommandLineTools/usr/bin/c++"
	CompilerVersion="14.0.3.14030022"
	OSName="macOS"
	Hostname="Tarcans-MacBook-Pro.local"
	OSRelease="13.3.1"
	OSVersion="22E261"
	OSPlatform="arm64"
	Is64Bits="1"
	VendorString="IBM"
	VendorID="IBM"
	FamilyID="16777228"
	ModelID="2"
	ProcessorCacheSize="131072"
	NumberOfLogicalCPU="12"
	NumberOfPhysicalCPU="12"
	TotalVirtualMemory="0"
	TotalPhysicalMemory="16384"
	LogicalProcessorsPerPhysical="12"
	ProcessorClockFrequency="0"
	>
	<Testing>
		<StartDateTime>Jul 10 21:21 EDT</StartDateTime>
		<StartTestTime>1720660905</StartTestTime>
		<TestList>
			<Test>./SoundEngineTest</Test>
		</TestList>
		<Test Status="failed">
			<Name>SoundEngineTest</Name>
			<Path>.</Path>
			<FullName>./SoundEngineTest</FullName>
			<FullCommandLine>/Users/tarcangul/projects/simple-sequencer/build/SoundEngineTest</FullCommandLine>
			<Results>
				<NamedMeasurement type="text/string" name="Exit Code">
					<Value>Failed</Value>
				</NamedMeasurement>
				<NamedMeasurement type="text/string" name="Exit Value">
					<Value>201</Value>
				</NamedMeasurement>
				<NamedMeasurement type="numeric/double" name="Execution Time">
					<Value>0.80639</Value>
				</NamedMeasurement>
				<NamedMeasurement type="numeric/double" name="Processors">
					<Value>1</Value>
				</NamedMeasurement>
				<NamedMeasurement type="text/string" name="Completion Status">
					<Value>Completed</Value>
				</NamedMeasurement>
				<NamedMeasurement type="text/string" name="Command Line">
					<Value>/Users/tarcangul/projects/simple-sequencer/build/SoundEngineTest</Value>
				</NamedMeasurement>
				<NamedMeasurement type="text/string" name="Environment">
					<Value>#CTEST_RESOURCE_GROUP_COUNT=</Value>
				</NamedMeasurement>
				<Measurement>
					<Value encoding="base64" compression="gzip">eJzFlcFv0zAUxs/Lv7DLU7kwJJI2HUN1T9XoxKahoq2Dww7o1XlJvTp2eHY6+t9jp9PGEFxAa32KIr/v+94vz/HFzekU1u/TfjrIk6vWGGUqyMGT8yDRkUvTNHnzsICYLTsolMOFjjv9kgC1JzboCZxHuRLJwatun8jz5ODcrFGrApCrtibjk9asjL03oK1Er6wRfQGHt8fj4WB8PKpL9Ki3NgKUgV6jcTPReh7y9ATUVFveAEpJzsFaWd1pAHrAouDwUkD/R/l89aPSNkVDXCvnQok7vO2Ph6PomWQ3jthlHlmiqVqdNWzvSHqXOVU3mt46+t6SkcRZ5JKRqZSh7Nq2pph2zzFeKptGnMRmBuPhSRTWGCEuSa4aq4wXz7vZMg5IePNLlqQr71hE4AMoUemWCVTATj6koiKCieA7gdoWrSbo/ZamlzyJRqFLwlWotIuusUcpERyUCd8tdPfaHYEtQYbYDk4t06QtlD2zXKNPLuKcTFwA1QF/TGXgrpX0bSs/69Q/dNqW06UY5cm/mM+q6ovlhXJ7S3CmUe7NfKLKcm/mX3G9N++PqlpekbO6jWZzVRPvNsB5OO67dfwc/mBlQL2HZudLJixeyDP/23QpH64Omq7jXbDbU/U01Z/QYLVr3LN7Q8WEGTcv5Pvuz77XnsNN/Z/GPwG43dDx====</Value>
				</Measurement>
			</Results>
		</Test>
		<EndDateTime>Jul 10 21:21 EDT</EndDateTime>
		<EndTestTime>1720660906</EndTestTime>
		<ElapsedMinutes>0</ElapsedMinutes>
	</Testing>
</Site>
