<?xml version="1.0" encoding="UTF-8"?>
<Site BuildName="Darwin-c++"
	BuildStamp="20240722-0130-Experimental"
	Name="Tarcans-MacBook-Pro.local"
	Generator="ctest-3.29.3"
	CompilerName="/Library/Developer/CommandLineTools/usr/bin/c++"
	CompilerVersion="14.0.3.14030022"
	OSName="macOS"
	Hostname="Tarcans-MacBook-Pro.local"
	OSRelease="13.3.1"
	OSVersion="22E261"
	OSPlatform="arm64"
	Is64Bits="1"
	VendorString="IBM"
	VendorID="IBM"
	FamilyID="16777228"
	ModelID="2"
	ProcessorCacheSize="131072"
	NumberOfLogicalCPU="12"
	NumberOfPhysicalCPU="12"
	TotalVirtualMemory="0"
	TotalPhysicalMemory="16384"
	LogicalProcessorsPerPhysical="12"
	ProcessorClockFrequency="0"
	>
	<Testing>
		<StartDateTime>Jul 21 21:30 EDT</StartDateTime>
		<StartTestTime>1721611839</StartTestTime>
		<TestList/>
		<EndDateTime>Jul 21 21:30 EDT</EndDateTime>
		<EndTestTime>1721611839</EndTestTime>
		<ElapsedMinutes>0</ElapsedMinutes>
	</Testing>
</Site>
